0 info it worked if it ends with ok
1 verbose cli [ 'C:\\Program Files\\nodejs\\node.exe',
1 verbose cli   'C:\\Program Files\\nodejs\\node_modules\\npm\\bin\\npm-cli.js',
1 verbose cli   'run',
1 verbose cli   'webpack-devserver' ]
2 info using npm@4.1.2
3 info using node@v7.7.4
4 verbose run-script [ 'prewebpack-devserver',
4 verbose run-script   'webpack-devserver',
4 verbose run-script   'postwebpack-devserver' ]
5 info lifecycle cm@1.0.0~prewebpack-devserver: cm@1.0.0
6 silly lifecycle cm@1.0.0~prewebpack-devserver: no script for prewebpack-devserver, continuing
7 info lifecycle cm@1.0.0~webpack-devserver: cm@1.0.0
8 verbose lifecycle cm@1.0.0~webpack-devserver: unsafe-perm in lifecycle true
9 verbose lifecycle cm@1.0.0~webpack-devserver: PATH: C:\Program Files\nodejs\node_modules\npm\bin\node-gyp-bin;E:\gh\node_modules\.bin;C:\ProgramData\Oracle\Java\javapath;C:\Program Files (x86)\Intel\iCLS Client\;C:\Program Files\Intel\iCLS Client\;C:\Windows\system32;C:\Windows;C:\Windows\System32\Wbem;C:\Windows\System32\WindowsPowerShell\v1.0\;C:\Program Files\Intel\Intel(R) Management Engine Components\DAL;C:\Program Files\Intel\Intel(R) Management Engine Components\IPT;C:\Program Files (x86)\Intel\Intel(R) Management Engine Components\DAL;C:\Program Files (x86)\Intel\Intel(R) Management Engine Components\IPT;C:\Users\Дмитрий\.dnx\bin;C:\Program Files\Microsoft DNX\Dnvm\;C:\Program Files\Microsoft SQL Server\130\Tools\Binn\;C:\Program Files\Microsoft SQL Server\110\Tools\Binn\;C:\Program Files (x86)\Skype\Phone\;C:\Program Files\Git\cmd;C:\Program Files\nodejs\;C:\Users\Дмитрий\AppData\Local\Microsoft\WindowsApps;;C:\Program Files (x86)\Microsoft VS Code\bin;C:\Users\Дмитрий\AppData\Roaming\npm
10 verbose lifecycle cm@1.0.0~webpack-devserver: CWD: E:\gh
11 silly lifecycle cm@1.0.0~webpack-devserver: Args: [ '/d /s /c',
11 silly lifecycle   'webpack-dev-server --debug --hot --devtool eval-source-map --output-pathinfo --watch --colors --inline --content-base public --port 3000  --host 192.168.0.7' ]
12 silly lifecycle cm@1.0.0~webpack-devserver: Returned: code: 1  signal: null
13 info lifecycle cm@1.0.0~webpack-devserver: Failed to exec webpack-devserver script
14 verbose stack Error: cm@1.0.0 webpack-devserver: `webpack-dev-server --debug --hot --devtool eval-source-map --output-pathinfo --watch --colors --inline --content-base public --port 3000  --host 192.168.0.7`
14 verbose stack Exit status 1
14 verbose stack     at EventEmitter.<anonymous> (C:\Program Files\nodejs\node_modules\npm\lib\utils\lifecycle.js:279:16)
14 verbose stack     at emitTwo (events.js:106:13)
14 verbose stack     at EventEmitter.emit (events.js:194:7)
14 verbose stack     at ChildProcess.<anonymous> (C:\Program Files\nodejs\node_modules\npm\lib\utils\spawn.js:40:14)
14 verbose stack     at emitTwo (events.js:106:13)
14 verbose stack     at ChildProcess.emit (events.js:194:7)
14 verbose stack     at maybeClose (internal/child_process.js:899:16)
14 verbose stack     at Process.ChildProcess._handle.onexit (internal/child_process.js:226:5)
15 verbose pkgid cm@1.0.0
16 verbose cwd E:\gh\server
17 error Windows_NT 10.0.14393
18 error argv "C:\\Program Files\\nodejs\\node.exe" "C:\\Program Files\\nodejs\\node_modules\\npm\\bin\\npm-cli.js" "run" "webpack-devserver"
19 error node v7.7.4
20 error npm  v4.1.2
21 error code ELIFECYCLE
22 error cm@1.0.0 webpack-devserver: `webpack-dev-server --debug --hot --devtool eval-source-map --output-pathinfo --watch --colors --inline --content-base public --port 3000  --host 192.168.0.7`
22 error Exit status 1
23 error Failed at the cm@1.0.0 webpack-devserver script 'webpack-dev-server --debug --hot --devtool eval-source-map --output-pathinfo --watch --colors --inline --content-base public --port 3000  --host 192.168.0.7'.
23 error Make sure you have the latest version of node.js and npm installed.
23 error If you do, this is most likely a problem with the cm package,
23 error not with npm itself.
23 error Tell the author that this fails on your system:
23 error     webpack-dev-server --debug --hot --devtool eval-source-map --output-pathinfo --watch --colors --inline --content-base public --port 3000  --host 192.168.0.7
23 error You can get information on how to open an issue for this project with:
23 error     npm bugs cm
23 error Or if that isn't available, you can get their info via:
23 error     npm owner ls cm
23 error There is likely additional logging output above.
24 verbose exit [ 1, true ]
